-------------------------------------------------------------------------------
Test set: TestSuite
-------------------------------------------------------------------------------
Tests run: 4, Failures: 1, Errors: 0, Skipped: 0, Time elapsed: 93.99 s <<< FAILURE! - in TestSuite
basePageNavigation(Academy.validateTitle)  Time elapsed: 0.234 s  <<< FAILURE!
java.lang.AssertionError: expected [FEATURED 1COURSES] but found [FEATURED COURSES]
	at Academy.validateTitle.basePageNavigation(validateTitle.java:34)

